<?xml version="1.0" encoding="UTF-8"?>
<coverage generated="1679160931116" clover="3.2.0">
  <project timestamp="1679160931117" name="All files">
    <metrics statements="18" coveredstatements="15" conditionals="14" coveredconditionals="10" methods="4" coveredmethods="4" elements="36" coveredelements="29" complexity="0" loc="18" ncloc="18" packages="1" files="4" classes="4"/>
    <file name="all.js" path="/home/ahmed_nabbaa/Documents/App/testing/jest/all.js">
      <metrics statements="2" coveredstatements="2" conditionals="0" coveredconditionals="0" methods="0" coveredmethods="0"/>
      <line num="1" count="1" type="stmt"/>
      <line num="3" count="1" type="stmt"/>
    </file>
    <file name="input.js" path="/home/ahmed_nabbaa/Documents/App/testing/jest/input.js">
      <metrics statements="12" coveredstatements="9" conditionals="14" coveredconditionals="10" methods="1" coveredmethods="1"/>
      <line num="7" count="4" type="cond" truecount="2" falsecount="0"/>
      <line num="8" count="1" type="stmt"/>
      <line num="10" count="3" type="cond" truecount="4" falsecount="0"/>
      <line num="11" count="1" type="stmt"/>
      <line num="13" count="2" type="cond" truecount="2" falsecount="0"/>
      <line num="14" count="1" type="stmt"/>
      <line num="17" count="1" type="cond" truecount="2" falsecount="2"/>
      <line num="18" count="1" type="stmt"/>
      <line num="21" count="0" type="cond" truecount="0" falsecount="2"/>
      <line num="22" count="0" type="stmt"/>
      <line num="24" count="0" type="stmt"/>
      <line num="26" count="1" type="stmt"/>
    </file>
    <file name="number.js" path="/home/ahmed_nabbaa/Documents/App/testing/jest/number.js">
      <metrics statements="2" coveredstatements="2" conditionals="0" coveredconditionals="0" methods="2" coveredmethods="2"/>
      <line num="18" count="10" type="stmt"/>
      <line num="21" count="1" type="stmt"/>
    </file>
    <file name="say.js" path="/home/ahmed_nabbaa/Documents/App/testing/jest/say.js">
      <metrics statements="2" coveredstatements="2" conditionals="0" coveredconditionals="0" methods="1" coveredmethods="1"/>
      <line num="2" count="1" type="stmt"/>
      <line num="5" count="1" type="stmt"/>
    </file>
  </project>
</coverage>
