TN:
SF:all.js
FNF:0
FNH:0
DA:1,1
DA:3,1
LF:2
LH:2
BRF:0
BRH:0
end_of_record
TN:
SF:input.js
FN:6,filterName
FNF:1
FNH:1
FNDA:4,filterName
DA:7,4
DA:8,1
DA:10,3
DA:11,1
DA:13,2
DA:14,1
DA:17,1
DA:18,1
DA:21,0
DA:22,0
DA:24,0
DA:26,1
LF:12
LH:9
BRDA:7,0,0,1
BRDA:7,0,1,3
BRDA:10,1,0,1
BRDA:10,1,1,2
BRDA:10,2,0,3
BRDA:10,2,1,2
BRDA:13,3,0,1
BRDA:13,3,1,1
BRDA:17,4,0,1
BRDA:17,4,1,0
BRDA:17,5,0,1
BRDA:17,5,1,0
BRDA:21,6,0,0
BRDA:21,6,1,0
BRF:14
BRH:10
end_of_record
TN:
SF:number.js
FN:16,num
FN:18,(anonymous_1)
FNF:2
FNH:2
FNDA:5,num
FNDA:10,(anonymous_1)
DA:18,10
DA:21,1
LF:2
LH:2
BRF:0
BRH:0
end_of_record
TN:
SF:say.js
FN:1,sayHello
FNF:1
FNH:1
FNDA:1,sayHello
DA:2,1
DA:5,1
LF:2
LH:2
BRF:0
BRH:0
end_of_record
